Using pre-set license
Built from 'trunk' branch; Version is '2021.1.0a2 (37c5ec4c3cb1) revision 3655148'; Using compiler version '192528614'; Build Type 'Release'
OS: 'Windows 10  (10.0.0) 64bit' Language: 'en' Physical Memory: 16260 MB
BatchMode: 1, IsHumanControllingUs: 0, StartBugReporterOnCrash: 0, Is64bit: 1, IsPro: 0

 COMMAND LINE ARGUMENTS:
C:\Program Files\Unity\Hub\Editor\2021.1.0a2\Editor\Unity.exe
-adb2
-batchMode
-noUpm
-name
AssetImportWorker0
-projectPath
C:/Users/TaMinhTam/Desktop/Proj_CKhoa/TauWorkFarm
-logFile
Logs/AssetImportWorker0.log
-srvPort
65095
Successfully changed project path to: C:/Users/TaMinhTam/Desktop/Proj_CKhoa/TauWorkFarm
C:/Users/TaMinhTam/Desktop/Proj_CKhoa/TauWorkFarm
Using Asset Import Pipeline V2.
Refreshing native plugins compatible for Editor in 65.99 ms, found 1 plugins.
Preloading 0 native plugins for Editor in 0.00 ms.
Initialize engine version: 2021.1.0a2 (37c5ec4c3cb1)
[Subsystems] Discovering subsystems at path C:/Program Files/Unity/Hub/Editor/2021.1.0a2/Editor/Data/Resources/UnitySubsystems
[Subsystems] Discovering subsystems at path C:/Users/TaMinhTam/Desktop/Proj_CKhoa/TauWorkFarm/Assets
GfxDevice: creating device client; threaded=0; jobified=0
Direct3D:
    Version:  Direct3D 11.0 [level 11.1]
    Renderer: Intel(R) Iris(TM) Pro Graphics 5200 (ID=0xd26)
    Vendor:   
    VRAM:     2048 MB
    Driver:   20.19.15.4531
Shader 'Universal Render Pipeline/Particles/Lit': fallback shader 'Universal Render Pipeline/Particles/SimpleLit' not found
Initialize mono
Mono path[0] = 'C:/Program Files/Unity/Hub/Editor/2021.1.0a2/Editor/Data/Managed'
Mono path[1] = 'C:/Program Files/Unity/Hub/Editor/2021.1.0a2/Editor/Data/MonoBleedingEdge/lib/mono/unityjit'
Mono config path = 'C:/Program Files/Unity/Hub/Editor/2021.1.0a2/Editor/Data/MonoBleedingEdge/etc'
Using monoOptions --debugger-agent=transport=dt_socket,embedding=1,server=y,suspend=n,address=127.0.0.1:56096
Begin MonoManager ReloadAssembly
Registering precompiled unity dll's ...
Register platform support module: C:/Program Files/Unity/Hub/Editor/2021.1.0a2/Editor/Data/PlaybackEngines/WebGLSupport/UnityEditor.WebGL.Extensions.dll
Register platform support module: C:/Program Files/Unity/Hub/Editor/2021.1.0a2/Editor/Data/PlaybackEngines/WindowsStandaloneSupport/UnityEditor.WindowsStandalone.Extensions.dll
Registered in 0.002762 seconds.
Native extension for WindowsStandalone target not found
Native extension for WebGL target not found
Refreshing native plugins compatible for Editor in 75.43 ms, found 1 plugins.
Preloading 0 native plugins for Editor in 0.00 ms.
Invoked RoslynAnalysisRunner static constructor.
RoslynAnalysisRunner will not be running.
RoslynAnalysisRunner has terminated.
Mono: successfully reloaded assembly
- Completed reload, in  2.652 seconds
Platform modules already initialized, skipping
Registering precompiled user dll's ...
Registered in 0.001814 seconds.
Begin MonoManager ReloadAssembly
Symbol file LoadedFromMemory doesn't match image C:\Users\TaMinhTam\Desktop\Proj_CKhoa\TauWorkFarm\Library\PackageCache\com.unity.ext.nunit@1.0.0\net35\unity-custom\nunit.framework.dll
Native extension for WindowsStandalone target not found
Native extension for WebGL target not found
Refreshing native plugins compatible for Editor in 68.20 ms, found 1 plugins.
Preloading 0 native plugins for Editor in 0.00 ms.
Invoked RoslynAnalysisRunner static constructor.
RoslynAnalysisRunner will not be running.
RoslynAnalysisRunner has terminated.
Mono: successfully reloaded assembly
- Completed reload, in  1.417 seconds
Platform modules already initialized, skipping
========================================================================
Worker process is ready to serve import requests
Shader 'Universal Render Pipeline/Particles/Lit': fallback shader 'Universal Render Pipeline/Particles/SimpleLit' not found
Launched and connected shader compiler UnityShaderCompiler.exe after 0.04 seconds
Refreshing native plugins compatible for Editor in 1.08 ms, found 1 plugins.
Preloading 0 native plugins for Editor in 0.00 ms.
Unloading 2800 Unused Serialized files (Serialized files now loaded: 0)
System memory in use before: 259.0 MB.
System memory in use after: 259.1 MB.

Unloading 25 unused Assets to reduce memory usage. Loaded Objects now: 3252.
Total: 3.404400 ms (FindLiveObjects: 0.597400 ms CreateObjectMapping: 0.283700 ms MarkObjects: 2.385000 ms  DeleteObjects: 0.135400 ms)

========================================================================
Received Import Request.
  path: Assets/CropsManager.cs
  artifactKey: Guid(e737ed202fdd9954e869f7d3fe84c0c0) Importer(815301076,1909f56bfc062723c751e8b465ee728b)
========================================================================
Received Import Request.
  Time since last request: 0.016827 seconds.
  path: Assets/MarkerManager.cs
  artifactKey: Guid(dfed238a0679fae4da5a49637de45451) Importer(815301076,1909f56bfc062723c751e8b465ee728b)
========================================================================
Received Import Request.
  Time since last request: 33.143609 seconds.
  path: Assets/Sprites/TilePalletes/BackGroundTiles.prefab
  artifactKey: Guid(44b8e879cad43d74b860925c27c8bd13) Importer(815301076,1909f56bfc062723c751e8b465ee728b)
========================================================================
Received Import Request.
  Time since last request: 86.727470 seconds.
  path: Assets/Sprites/TilePalletes/BackGroundTiles.prefab
  artifactKey: Guid(44b8e879cad43d74b860925c27c8bd13) Importer(815301076,1909f56bfc062723c751e8b465ee728b)
========================================================================
Received Import Request.
  Time since last request: 94.992819 seconds.
  path: Assets/GameData/Tiles/Plowable.asset
  artifactKey: Guid(707f4d6fbcd7749499a8648acf6e2fef) Importer(815301076,1909f56bfc062723c751e8b465ee728b)
========================================================================
Received Prepare
Reloading mono domain
Begin MonoManager ReloadAssembly
Registering precompiled unity dll's ...
Register platform support module: C:/Program Files/Unity/Hub/Editor/2021.1.0a2/Editor/Data/PlaybackEngines/WebGLSupport/UnityEditor.WebGL.Extensions.dll
Register platform support module: C:/Program Files/Unity/Hub/Editor/2021.1.0a2/Editor/Data/PlaybackEngines/WindowsStandaloneSupport/UnityEditor.WindowsStandalone.Extensions.dll
Registered in 0.002666 seconds.
Symbol file LoadedFromMemory doesn't match image C:\Users\TaMinhTam\Desktop\Proj_CKhoa\TauWorkFarm\Library\PackageCache\com.unity.ext.nunit@1.0.0\net35\unity-custom\nunit.framework.dll
Native extension for WindowsStandalone target not found
Native extension for WebGL target not found
Refreshing native plugins compatible for Editor in 63.28 ms, found 1 plugins.
Preloading 0 native plugins for Editor in 0.00 ms.
Invoked RoslynAnalysisRunner static constructor.
RoslynAnalysisRunner will not be running.
RoslynAnalysisRunner has terminated.
Mono: successfully reloaded assembly
- Completed reload, in  1.497 seconds
Platform modules already initialized, skipping
Registering precompiled user dll's ...
Registered in 0.001898 seconds.
Begin MonoManager ReloadAssembly
Symbol file LoadedFromMemory doesn't match image C:\Users\TaMinhTam\Desktop\Proj_CKhoa\TauWorkFarm\Library\PackageCache\com.unity.ext.nunit@1.0.0\net35\unity-custom\nunit.framework.dll
Native extension for WindowsStandalone target not found
Native extension for WebGL target not found
Refreshing native plugins compatible for Editor in 0.76 ms, found 1 plugins.
Preloading 0 native plugins for Editor in 0.00 ms.
Invoked RoslynAnalysisRunner static constructor.
RoslynAnalysisRunner will not be running.
RoslynAnalysisRunner has terminated.
Mono: successfully reloaded assembly
- Completed reload, in  1.337 seconds
Platform modules already initialized, skipping
Shader 'Universal Render Pipeline/Particles/Lit': fallback shader 'Universal Render Pipeline/Particles/SimpleLit' not found
Refreshing native plugins compatible for Editor in 0.59 ms, found 1 plugins.
Preloading 0 native plugins for Editor in 0.00 ms.
Unloading 14 Unused Serialized files (Serialized files now loaded: 0)
System memory in use before: 200.2 MB.
System memory in use after: 200.4 MB.

Unloading 13 unused Assets to reduce memory usage. Loaded Objects now: 3257.
Total: 3.122100 ms (FindLiveObjects: 0.485100 ms CreateObjectMapping: 0.155300 ms MarkObjects: 2.351000 ms  DeleteObjects: 0.129100 ms)

========================================================================
Received Prepare
Reloading mono domain
Begin MonoManager ReloadAssembly
Registering precompiled unity dll's ...
Register platform support module: C:/Program Files/Unity/Hub/Editor/2021.1.0a2/Editor/Data/PlaybackEngines/WebGLSupport/UnityEditor.WebGL.Extensions.dll
Register platform support module: C:/Program Files/Unity/Hub/Editor/2021.1.0a2/Editor/Data/PlaybackEngines/WindowsStandaloneSupport/UnityEditor.WindowsStandalone.Extensions.dll
Registered in 0.002889 seconds.
Symbol file LoadedFromMemory doesn't match image C:\Users\TaMinhTam\Desktop\Proj_CKhoa\TauWorkFarm\Library\PackageCache\com.unity.ext.nunit@1.0.0\net35\unity-custom\nunit.framework.dll
Native extension for WindowsStandalone target not found
Native extension for WebGL target not found
Refreshing native plugins compatible for Editor in 68.42 ms, found 1 plugins.
Preloading 0 native plugins for Editor in 0.00 ms.
Invoked RoslynAnalysisRunner static constructor.
RoslynAnalysisRunner will not be running.
RoslynAnalysisRunner has terminated.
Mono: successfully reloaded assembly
- Completed reload, in  1.442 seconds
Platform modules already initialized, skipping
Registering precompiled user dll's ...
Registered in 0.003720 seconds.
Begin MonoManager ReloadAssembly
Symbol file LoadedFromMemory doesn't match image C:\Users\TaMinhTam\Desktop\Proj_CKhoa\TauWorkFarm\Library\PackageCache\com.unity.ext.nunit@1.0.0\net35\unity-custom\nunit.framework.dll
Native extension for WindowsStandalone target not found
Native extension for WebGL target not found
Refreshing native plugins compatible for Editor in 0.72 ms, found 1 plugins.
Preloading 0 native plugins for Editor in 0.00 ms.
Invoked RoslynAnalysisRunner static constructor.
RoslynAnalysisRunner will not be running.
RoslynAnalysisRunner has terminated.
Mono: successfully reloaded assembly
- Completed reload, in  1.423 seconds
Platform modules already initialized, skipping
Shader 'Universal Render Pipeline/Particles/Lit': fallback shader 'Universal Render Pipeline/Particles/SimpleLit' not found
Refreshing native plugins compatible for Editor in 1.00 ms, found 1 plugins.
Preloading 0 native plugins for Editor in 0.00 ms.
Unloading 14 Unused Serialized files (Serialized files now loaded: 0)
System memory in use before: 200.8 MB.
System memory in use after: 200.9 MB.

Unloading 13 unused Assets to reduce memory usage. Loaded Objects now: 3262.
Total: 5.077200 ms (FindLiveObjects: 0.837200 ms CreateObjectMapping: 0.492700 ms MarkObjects: 3.534400 ms  DeleteObjects: 0.210100 ms)

========================================================================
Received Prepare
Reloading mono domain
Begin MonoManager ReloadAssembly
Registering precompiled unity dll's ...
Register platform support module: C:/Program Files/Unity/Hub/Editor/2021.1.0a2/Editor/Data/PlaybackEngines/WebGLSupport/UnityEditor.WebGL.Extensions.dll
Register platform support module: C:/Program Files/Unity/Hub/Editor/2021.1.0a2/Editor/Data/PlaybackEngines/WindowsStandaloneSupport/UnityEditor.WindowsStandalone.Extensions.dll
Registered in 0.003010 seconds.
Symbol file LoadedFromMemory doesn't match image C:\Users\TaMinhTam\Desktop\Proj_CKhoa\TauWorkFarm\Library\PackageCache\com.unity.ext.nunit@1.0.0\net35\unity-custom\nunit.framework.dll
Native extension for WindowsStandalone target not found
Native extension for WebGL target not found
Refreshing native plugins compatible for Editor in 64.83 ms, found 1 plugins.
Preloading 0 native plugins for Editor in 0.00 ms.
Invoked RoslynAnalysisRunner static constructor.
RoslynAnalysisRunner will not be running.
RoslynAnalysisRunner has terminated.
Mono: successfully reloaded assembly
- Completed reload, in  1.839 seconds
Platform modules already initialized, skipping
Registering precompiled user dll's ...
Registered in 0.001810 seconds.
Begin MonoManager ReloadAssembly
Symbol file LoadedFromMemory doesn't match image C:\Users\TaMinhTam\Desktop\Proj_CKhoa\TauWorkFarm\Library\PackageCache\com.unity.ext.nunit@1.0.0\net35\unity-custom\nunit.framework.dll
Native extension for WindowsStandalone target not found
Native extension for WebGL target not found
Refreshing native plugins compatible for Editor in 0.64 ms, found 1 plugins.
Preloading 0 native plugins for Editor in 0.00 ms.
Invoked RoslynAnalysisRunner static constructor.
RoslynAnalysisRunner will not be running.
RoslynAnalysisRunner has terminated.
Mono: successfully reloaded assembly
- Completed reload, in  1.477 seconds
Platform modules already initialized, skipping
Shader 'Universal Render Pipeline/Particles/Lit': fallback shader 'Universal Render Pipeline/Particles/SimpleLit' not found
Refreshing native plugins compatible for Editor in 0.67 ms, found 1 plugins.
Preloading 0 native plugins for Editor in 0.00 ms.
Unloading 14 Unused Serialized files (Serialized files now loaded: 0)
System memory in use before: 201.4 MB.
System memory in use after: 201.5 MB.

Unloading 13 unused Assets to reduce memory usage. Loaded Objects now: 3267.
Total: 2.951400 ms (FindLiveObjects: 0.469600 ms CreateObjectMapping: 0.150200 ms MarkObjects: 2.204400 ms  DeleteObjects: 0.126000 ms)

AssetImportWorkerClient::OnTransportError - code=2 error=End of file
